Arguments: 
  C:\Program Files\nodejs\node.exe C:\Users\rukkiecodes\AppData\Roaming\npm\node_modules\yarn\bin\yarn.js

PATH: 
  C:\Users\rukkiecodes\Documents\cmder\vendor\conemu-maximus5\ConEmu\Scripts;C:\Users\rukkiecodes\Documents\cmder\vendor\conemu-maximus5;C:\Users\rukkiecodes\Documents\cmder\vendor\conemu-maximus5\ConEmu;C:\Python311\Scripts\;C:\Python311\;C:\Windows\system32;C:\Windows;C:\Windows\System32\Wbem;C:\Windows\System32\WindowsPowerShell\v1.0\;C:\Windows\System32\OpenSSH\;C:\Program Files\Git\cmd;C:\ProgramData\chocolatey\bin;C:\Program Files\nodejs\;C:\Program Files\Microsoft VS Code\bin;C:\Users\rukkiecodes\AppData\Local\Microsoft\WindowsApps;C:\Users\rukkiecodes\AppData\Roaming\npm;C:\Program Files\Git\mingw64\bin;C:\Program Files\Git\usr\bin;C:\Users\rukkiecodes\Documents\cmder\vendor\bin;

Yarn version: 
  1.22.19

Node version: 
  18.14.0

Platform: 
  win32 x64

Trace: 
  Error: connect EHOSTUNREACH 104.16.19.35:443
      at TCPConnectWrap.afterConnect [as oncomplete] (node:net:1494:16)

npm manifest: 
  {
    "name": "recido",
    "version": "1.0.0",
    "main": "node_modules/expo/AppEntry.js",
    "scripts": {
      "start": "expo start",
      "android": "expo start --android",
      "ios": "expo start --ios",
      "web": "expo start --web"
    },
    "dependencies": {
      "@expo/html-elements": "^0.4.1",
      "@react-navigation/material-bottom-tabs": "^6.2.15",
      "@react-navigation/material-top-tabs": "^6.6.2",
      "@react-navigation/native": "^6.1.6",
      "@react-navigation/stack": "^6.3.16",
      "@reduxjs/toolkit": "1.9.3",
      "expo": "^48.0.6",
      "expo-print": "~12.2.1",
      "expo-sharing": "~11.2.2",
      "expo-status-bar": "~1.4.4",
      "firebase": "^9.18.0",
      "install": "^0.13.0",
      "npx": "^10.2.2",
      "react": "18.2.0",
      "react-native": "0.71.3",
      "react-native-dotenv": "3.3.1",
      "react-native-gesture-handler": "~2.9.0",
      "react-native-pager-view": "6.1.2",
      "react-native-paper": "^5.4.1",
      "react-native-safe-area-context": "4.5.0",
      "react-native-screens": "~3.20.0",
      "react-native-tab-view": "^3.5.1",
      "react-native-vector-icons": "^9.2.0",
      "react-native-webview": "11.26.0",
      "react-redux": "8.0.5"
    },
    "devDependencies": {
      "@babel/core": "^7.20.0"
    },
    "private": true
  }

yarn manifest: 
  No manifest

Lockfile: 
  No lockfile
